[     104ms] [INFO] %cDownload the React DevTools for a better development experience: https://react.dev/link/react-devtools font-weight:bold @ http://localhost:3000/_next/static/chunks/03r4_next_dist_0.3~-mw._.js:2477
[     138ms] [LOG] [HMR] connected @ http://localhost:3000/_next/static/chunks/03r4_next_dist_0.3~-mw._.js:2477
[  178354ms] [LOG] [Fast Refresh] rebuilding @ http://localhost:3000/_next/static/chunks/03r4_next_dist_0.3~-mw._.js:2477
[  178365ms] [LOG] [Fast Refresh] done in 117ms @ http://localhost:3000/_next/static/chunks/03r4_next_dist_0.3~-mw._.js:2477
[  194236ms] [LOG] [Fast Refresh] rebuilding @ http://localhost:3000/_next/static/chunks/03r4_next_dist_0.3~-mw._.js:2477
[  194386ms] [LOG] [Fast Refresh] done in 67ms @ http://localhost:3000/_next/static/chunks/03r4_next_dist_0.3~-mw._.js:2477
[  223439ms] [LOG] [Fast Refresh] rebuilding @ http://localhost:3000/_next/static/chunks/03r4_next_dist_0.3~-mw._.js:2477
[  223587ms] [LOG] [Fast Refresh] done in 60ms @ http://localhost:3000/_next/static/chunks/03r4_next_dist_0.3~-mw._.js:2477
[  228593ms] [LOG] [Fast Refresh] rebuilding @ http://localhost:3000/_next/static/chunks/03r4_next_dist_0.3~-mw._.js:2477
[  228702ms] [LOG] [Fast Refresh] done in 69ms @ http://localhost:3000/_next/static/chunks/03r4_next_dist_0.3~-mw._.js:2477
[  237371ms] [LOG] [Fast Refresh] rebuilding @ http://localhost:3000/_next/static/chunks/03r4_next_dist_0.3~-mw._.js:2477
[  237532ms] [LOG] [Fast Refresh] done in 96ms @ http://localhost:3000/_next/static/chunks/03r4_next_dist_0.3~-mw._.js:2477
[  244767ms] [LOG] [Fast Refresh] rebuilding @ http://localhost:3000/_next/static/chunks/03r4_next_dist_0.3~-mw._.js:2477
[  244919ms] [LOG] [Fast Refresh] done in 71ms @ http://localhost:3000/_next/static/chunks/03r4_next_dist_0.3~-mw._.js:2477
[  244931ms] ReferenceError: ReadinessCard is not defined
    at ProgressClient (http://localhost:3000/_next/static/chunks/MyGithubRepos_theory-il_0spdnfv._.js?id=%255Bproject%255D%252FMyGithubRepos%252Ftheory-il%252Fapp%252Fprogress%252FProgressClient.tsx+%255Bapp-client%255D+%2528ecmascript%2529:116:257)
    at Object.react_stack_bottom_frame (http://localhost:3000/_next/static/chunks/03r4_next_dist_compiled_react-dom_0.3aple._.js:15037:24)
    at renderWithHooks (http://localhost:3000/_next/static/chunks/03r4_next_dist_compiled_react-dom_0.3aple._.js:4620:24)
    at updateFunctionComponent (http://localhost:3000/_next/static/chunks/03r4_next_dist_compiled_react-dom_0.3aple._.js:6081:21)
    at beginWork (http://localhost:3000/_next/static/chunks/03r4_next_dist_compiled_react-dom_0.3aple._.js:6691:24)
    at runWithFiberInDEV (http://localhost:3000/_next/static/chunks/03r4_next_dist_compiled_react-dom_0.3aple._.js:965:74)
    at performUnitOfWork (http://localhost:3000/_next/static/chunks/03r4_next_dist_compiled_react-dom_0.3aple._.js:9555:97)
    at workLoopSync (http://localhost:3000/_next/static/chunks/03r4_next_dist_compiled_react-dom_0.3aple._.js:9449:40)
    at renderRootSync (http://localhost:3000/_next/static/chunks/03r4_next_dist_compiled_react-dom_0.3aple._.js:9433:13)
    at performWorkOnRoot (http://localhost:3000/_next/static/chunks/03r4_next_dist_compiled_react-dom_0.3aple._.js:9061:186)
    at performSyncWorkOnRoot (http://localhost:3000/_next/static/chunks/03r4_next_dist_compiled_react-dom_0.3aple._.js:10263:9)
    at flushSyncWorkAcrossRoots_impl (http://localhost:3000/_next/static/chunks/03r4_next_dist_compiled_react-dom_0.3aple._.js:10179:316)
    at processRootScheduleInMicrotask (http://localhost:3000/_next/static/chunks/03r4_next_dist_compiled_react-dom_0.3aple._.js:10200:106)
    at http://localhost:3000/_next/static/chunks/03r4_next_dist_compiled_react-dom_0.3aple._.js:10274:158
[  264156ms] [LOG] [Fast Refresh] rebuilding @ http://localhost:3000/_next/static/chunks/03r4_next_dist_0.3~-mw._.js:2477
[  264166ms] [WARNING] [Fast Refresh] performing full reload because your application had an unrecoverable error @ http://localhost:3000/_next/static/chunks/03r4_next_dist_0.3~-mw._.js:2477
[  264411ms] [LOG] [Fast Refresh] done in 95ms @ http://localhost:3000/_next/static/chunks/03r4_next_dist_0.3~-mw._.js:2477
[  264484ms] [INFO] %cDownload the React DevTools for a better development experience: https://react.dev/link/react-devtools font-weight:bold @ http://localhost:3000/_next/static/chunks/03r4_next_dist_0.3~-mw._.js:2477
[  264506ms] [LOG] [HMR] connected @ http://localhost:3000/_next/static/chunks/03r4_next_dist_0.3~-mw._.js:2477
[  277692ms] [LOG] [Fast Refresh] rebuilding @ http://localhost:3000/_next/static/chunks/03r4_next_dist_0.3~-mw._.js:2477
[  277789ms] [LOG] [Fast Refresh] done in 58ms @ http://localhost:3000/_next/static/chunks/03r4_next_dist_0.3~-mw._.js:2477
