[     112ms] [LOG] [Fast Refresh] rebuilding @ http://localhost:3000/_next/static/chunks/03r4_next_dist_0.3~-mw._.js:2477
[     235ms] [LOG] [Fast Refresh] done in 224ms @ http://localhost:3000/_next/static/chunks/03r4_next_dist_0.3~-mw._.js:2477
[     319ms] [INFO] %cDownload the React DevTools for a better development experience: https://react.dev/link/react-devtools font-weight:bold @ http://localhost:3000/_next/static/chunks/03r4_next_dist_0.3~-mw._.js:2477
[     338ms] [LOG] [HMR] connected @ http://localhost:3000/_next/static/chunks/03r4_next_dist_0.3~-mw._.js:2477
[  201940ms] [LOG] [Fast Refresh] rebuilding @ http://localhost:3000/_next/static/chunks/03r4_next_dist_0.3~-mw._.js:2477
[  202085ms] [LOG] [Fast Refresh] done in 65ms @ http://localhost:3000/_next/static/chunks/03r4_next_dist_0.3~-mw._.js:2477
[  205050ms] [LOG] [Fast Refresh] rebuilding @ http://localhost:3000/_next/static/chunks/03r4_next_dist_0.3~-mw._.js:2477
[  205173ms] [LOG] [Fast Refresh] done in 56ms @ http://localhost:3000/_next/static/chunks/03r4_next_dist_0.3~-mw._.js:2477
[  221354ms] [LOG] [Fast Refresh] rebuilding @ http://localhost:3000/_next/static/chunks/03r4_next_dist_0.3~-mw._.js:2477
[  221475ms] [LOG] [Fast Refresh] done in 101ms @ http://localhost:3000/_next/static/chunks/03r4_next_dist_0.3~-mw._.js:2477
[40304839ms] [LOG] [Fast Refresh] rebuilding @ http://localhost:3000/_next/static/chunks/03r4_next_dist_0.3~-mw._.js:2477
[40305086ms] [LOG] [Fast Refresh] done in 351ms @ http://localhost:3000/_next/static/chunks/03r4_next_dist_0.3~-mw._.js:2477
[40321300ms] [LOG] [Fast Refresh] rebuilding @ http://localhost:3000/_next/static/chunks/03r4_next_dist_0.3~-mw._.js:2477
[40321396ms] [LOG] [Fast Refresh] done in 199ms @ http://localhost:3000/_next/static/chunks/03r4_next_dist_0.3~-mw._.js:2477
[40321537ms] [LOG] [Fast Refresh] rebuilding @ http://localhost:3000/_next/static/chunks/03r4_next_dist_0.3~-mw._.js:2477
[40321538ms] [LOG] [Fast Refresh] done in 105ms @ http://localhost:3000/_next/static/chunks/03r4_next_dist_0.3~-mw._.js:2477
[40321657ms] [LOG] [Fast Refresh] rebuilding @ http://localhost:3000/_next/static/chunks/03r4_next_dist_0.3~-mw._.js:2477
[40321807ms] [LOG] [Fast Refresh] done in 258ms @ http://localhost:3000/_next/static/chunks/03r4_next_dist_0.3~-mw._.js:2477
[40321991ms] [LOG] [Fast Refresh] rebuilding @ http://localhost:3000/_next/static/chunks/03r4_next_dist_0.3~-mw._.js:2477
[40322008ms] [LOG] [Fast Refresh] done in 121ms @ http://localhost:3000/_next/static/chunks/03r4_next_dist_0.3~-mw._.js:2477
[40322370ms] [LOG] [Fast Refresh] rebuilding @ http://localhost:3000/_next/static/chunks/03r4_next_dist_0.3~-mw._.js:2477
[40322434ms] [LOG] [Fast Refresh] done in 174ms @ http://localhost:3000/_next/static/chunks/03r4_next_dist_0.3~-mw._.js:2477
[40326392ms] [LOG] [Fast Refresh] rebuilding @ http://localhost:3000/_next/static/chunks/03r4_next_dist_0.3~-mw._.js:2477
[40326557ms] [LOG] [Fast Refresh] done in 71ms @ http://localhost:3000/_next/static/chunks/03r4_next_dist_0.3~-mw._.js:2477
[40349642ms] [LOG] [Fast Refresh] rebuilding @ http://localhost:3000/_next/static/chunks/03r4_next_dist_0.3~-mw._.js:2477
[40349762ms] [LOG] [Fast Refresh] done in 74ms @ http://localhost:3000/_next/static/chunks/03r4_next_dist_0.3~-mw._.js:2477
[40397608ms] [LOG] [Fast Refresh] rebuilding @ http://localhost:3000/_next/static/chunks/03r4_next_dist_0.3~-mw._.js:2477
[40397619ms] [LOG] [Fast Refresh] done in 106ms @ http://localhost:3000/_next/static/chunks/03r4_next_dist_0.3~-mw._.js:2477
[40397625ms] [LOG] [Fast Refresh] rebuilding @ http://localhost:3000/_next/static/chunks/03r4_next_dist_0.3~-mw._.js:2477
[40397764ms] [LOG] [Fast Refresh] done in 57ms @ http://localhost:3000/_next/static/chunks/03r4_next_dist_0.3~-mw._.js:2477
[40397875ms] [LOG] [Fast Refresh] rebuilding @ http://localhost:3000/_next/static/chunks/03r4_next_dist_0.3~-mw._.js:2477
[40397940ms] [LOG] [Fast Refresh] done in 166ms @ http://localhost:3000/_next/static/chunks/03r4_next_dist_0.3~-mw._.js:2477
[40398141ms] [LOG] [Fast Refresh] rebuilding @ http://localhost:3000/_next/static/chunks/03r4_next_dist_0.3~-mw._.js:2477
[40398187ms] [LOG] [Fast Refresh] done in 150ms @ http://localhost:3000/_next/static/chunks/03r4_next_dist_0.3~-mw._.js:2477
[40398426ms] [LOG] [Fast Refresh] rebuilding @ http://localhost:3000/_next/static/chunks/03r4_next_dist_0.3~-mw._.js:2477
[40398439ms] [LOG] [Fast Refresh] done in 117ms @ http://localhost:3000/_next/static/chunks/03r4_next_dist_0.3~-mw._.js:2477
[40398540ms] [LOG] [Fast Refresh] rebuilding @ http://localhost:3000/_next/static/chunks/03r4_next_dist_0.3~-mw._.js:2477
[40398555ms] [LOG] [Fast Refresh] done in 116ms @ http://localhost:3000/_next/static/chunks/03r4_next_dist_0.3~-mw._.js:2477
[40399135ms] [LOG] [Fast Refresh] rebuilding @ http://localhost:3000/_next/static/chunks/03r4_next_dist_0.3~-mw._.js:2477
[40399144ms] [LOG] [Fast Refresh] done in 123ms @ http://localhost:3000/_next/static/chunks/03r4_next_dist_0.3~-mw._.js:2477
[40402667ms] [LOG] [Fast Refresh] rebuilding @ http://localhost:3000/_next/static/chunks/03r4_next_dist_0.3~-mw._.js:2477
[40402798ms] [LOG] [Fast Refresh] done in 117ms @ http://localhost:3000/_next/static/chunks/03r4_next_dist_0.3~-mw._.js:2477
[40427428ms] [LOG] [Fast Refresh] rebuilding @ http://localhost:3000/_next/static/chunks/03r4_next_dist_0.3~-mw._.js:2477
[40427602ms] [LOG] [Fast Refresh] done in 278ms @ http://localhost:3000/_next/static/chunks/03r4_next_dist_0.3~-mw._.js:2477
